Exporter version: 3.3.0, Blender version: 3.3.1
========= Conversion from Blender to Babylon.js =========
	Scene settings used :
		Inline textures     :  false
		Material Type       :  PBR
		Positions Precision :  4
		Normals Precision   :  3
		UVs Precision       :  3
		Vert Color Precision:  3
		Mat Weight Precision:  2
		Keep Z-up r-handed  :  no
		Texture directory   :  D:\Desktop\morterra.github.io\assets\
	Python World class constructor completed
	WARNING: No active camera has been assigned, or is not in a currently enabled collection
	processing begun of mesh:  Cube
		processing begun of material:  Texture Sheet
			processing texture Texturesheet
		num positions      :  17254
		num normals        :  17254
		num tangents       :  0
		num uvs            :  34508
		num uvs2           :  0
		num colors         :  0
		num triangles      :  6437
		WARNING: # of 0 area faces found:  10
========= Writing of JSON file started =========
	writing mesh:  Cube
========= Writing of JSON file completed =========
========= end of processing =========
elapsed time:  0 min, 0.6213 secs
